2025-01-11 16:10:13,713 - [Tornado] - [Access] - INFO - {
    "Status_Code": 302,
    "Method": "GET",
    "URL": "/",
    "Remote_IP": "172.23.0.1",
    "Elapsed_Time": "0.98ms"
}
2025-01-11 16:10:13,733 - [Tornado] - [Access] - INFO - {
    "Status_Code": 302,
    "Method": "GET",
    "URL": "/panel/dashboard",
    "Remote_IP": "172.23.0.1",
    "Elapsed_Time": "0.81ms"
}
2025-01-11 16:10:13,770 - [Tornado] - [Access] - INFO - {
    "Status_Code": 200,
    "Method": "GET",
    "URL": "/login?next=%2Fpanel%2Fdashboard",
    "Remote_IP": "172.23.0.1",
    "Elapsed_Time": "14.20ms"
}
2025-01-11 16:10:13,922 - [Tornado] - [Access] - INFO - {
    "Status_Code": 200,
    "Method": "GET",
    "URL": "/static/assets/vendors/mdi/css/materialdesignicons.min.css",
    "Remote_IP": "172.23.0.1",
    "Elapsed_Time": "4.49ms"
}
2025-01-11 16:10:13,926 - [Tornado] - [Access] - INFO - {
    "Status_Code": 200,
    "Method": "GET",
    "URL": "/static/assets/vendors/typicons/typicons.css",
    "Remote_IP": "172.23.0.1",
    "Elapsed_Time": "4.35ms"
}
2025-01-11 16:10:13,931 - [Tornado] - [Access] - INFO - {
    "Status_Code": 200,
    "Method": "GET",
    "URL": "/static/assets/vendors/flag-icon-css/css/flag-icon.min.css",
    "Remote_IP": "172.23.0.1",
    "Elapsed_Time": "8.33ms"
}
2025-01-11 16:10:13,936 - [Tornado] - [Access] - INFO - {
    "Status_Code": 200,
    "Method": "GET",
    "URL": "/static/assets/vendors/ti-icons/css/themify-icons.css",
    "Remote_IP": "172.23.0.1",
    "Elapsed_Time": "13.28ms"
}
2025-01-11 16:10:13,939 - [Tornado] - [Access] - INFO - {
    "Status_Code": 200,
    "Method": "GET",
    "URL": "/static/assets/vendors/css/vendor.bundle.base.css",
    "Remote_IP": "172.23.0.1",
    "Elapsed_Time": "15.65ms"
}
2025-01-11 16:10:13,995 - [Tornado] - [Access] - INFO - {
    "Status_Code": 200,
    "Method": "GET",
    "URL": "/static/assets/css/dark/style.css",
    "Remote_IP": "172.23.0.1",
    "Elapsed_Time": "41.52ms"
}
2025-01-11 16:10:14,004 - [Tornado] - [Access] - INFO - {
    "Status_Code": 200,
    "Method": "GET",
    "URL": "/static/assets/images/logo_long.svg",
    "Remote_IP": "172.23.0.1",
    "Elapsed_Time": "4.50ms"
}
2025-01-11 16:10:14,010 - [Tornado] - [Access] - INFO - {
    "Status_Code": 200,
    "Method": "GET",
    "URL": "/static/assets/vendors/js/vendor.bundle.base.js",
    "Remote_IP": "172.23.0.1",
    "Elapsed_Time": "10.46ms"
}
2025-01-11 16:10:14,014 - [Tornado] - [Access] - INFO - {
    "Status_Code": 200,
    "Method": "GET",
    "URL": "/static/assets/js/shared/off-canvas.js",
    "Remote_IP": "172.23.0.1",
    "Elapsed_Time": "13.54ms"
}
2025-01-11 16:10:14,016 - [Tornado] - [Access] - INFO - {
    "Status_Code": 200,
    "Method": "GET",
    "URL": "/static/assets/js/shared/hoverable-collapse.js",
    "Remote_IP": "172.23.0.1",
    "Elapsed_Time": "15.18ms"
}
2025-01-11 16:10:14,018 - [Tornado] - [Access] - INFO - {
    "Status_Code": 200,
    "Method": "GET",
    "URL": "/static/assets/js/shared/misc.js",
    "Remote_IP": "172.23.0.1",
    "Elapsed_Time": "1.97ms"
}
2025-01-11 16:10:14,070 - [Tornado] - [Access] - INFO - {
    "Status_Code": 404,
    "Method": "GET",
    "URL": "/static/assets/js/shared/settings.js",
    "Remote_IP": "172.23.0.1",
    "Elapsed_Time": "0.66ms"
}
2025-01-11 16:10:14,072 - [Tornado] - [Access] - INFO - {
    "Status_Code": 404,
    "Method": "GET",
    "URL": "/static/assets/js/shared/todolist.js",
    "Remote_IP": "172.23.0.1",
    "Elapsed_Time": "1.36ms"
}
2025-01-11 16:10:14,075 - [Tornado] - [Access] - INFO - {
    "Status_Code": 200,
    "Method": "GET",
    "URL": "/static/assets/vendors/js/bootbox.min.js",
    "Remote_IP": "172.23.0.1",
    "Elapsed_Time": "1.93ms"
}
2025-01-11 16:10:14,119 - [Tornado] - [Access] - INFO - {
    "Status_Code": 200,
    "Method": "GET",
    "URL": "/static/assets/images/auth/login_1.jpg",
    "Remote_IP": "172.23.0.1",
    "Elapsed_Time": "6.32ms"
}
2025-01-11 16:10:14,210 - [Tornado] - [Access] - INFO - {
    "Status_Code": 200,
    "Method": "GET",
    "URL": "/static/assets/images/favicon.png",
    "Remote_IP": "172.23.0.1",
    "Elapsed_Time": "1.25ms"
}
2025-01-11 16:10:14,226 - [Tornado] - [Access] - INFO - {
    "Status_Code": 200,
    "Method": "GET",
    "URL": "/static/assets/images/logo_small.svg",
    "Remote_IP": "172.23.0.1",
    "Elapsed_Time": "1.29ms"
}
2025-01-11 16:10:16,308 - [Tornado] - [Access] - INFO - {
    "Status_Code": 302,
    "Method": "GET",
    "URL": "/",
    "Remote_IP": "172.23.0.1",
    "Elapsed_Time": "0.54ms"
}
2025-01-11 16:10:16,325 - [Tornado] - [Access] - INFO - {
    "Status_Code": 302,
    "Method": "GET",
    "URL": "/panel/dashboard",
    "Remote_IP": "172.23.0.1",
    "Elapsed_Time": "1.36ms"
}
2025-01-11 16:10:16,348 - [Tornado] - [Access] - INFO - {
    "Status_Code": 200,
    "Method": "GET",
    "URL": "/login?next=%2Fpanel%2Fdashboard",
    "Remote_IP": "172.23.0.1",
    "Elapsed_Time": "2.73ms"
}
2025-01-11 16:10:16,426 - [Tornado] - [Access] - INFO - {
    "Status_Code": 404,
    "Method": "GET",
    "URL": "/static/assets/js/shared/settings.js",
    "Remote_IP": "172.23.0.1",
    "Elapsed_Time": "0.71ms"
}
2025-01-11 16:10:16,428 - [Tornado] - [Access] - INFO - {
    "Status_Code": 404,
    "Method": "GET",
    "URL": "/static/assets/js/shared/todolist.js",
    "Remote_IP": "172.23.0.1",
    "Elapsed_Time": "2.66ms"
}
2025-01-11 16:12:31,872 - [Tornado] - [Access] - INFO - {
    "Status_Code": 200,
    "Method": "POST",
    "URL": "/login",
    "Remote_IP": "172.23.0.1",
    "Elapsed_Time": "63.39ms"
}
2025-01-11 16:12:31,937 - [Tornado] - [Access] - INFO - {
    "Status_Code": 200,
    "Method": "GET",
    "URL": "/panel/dashboard",
    "Remote_IP": "172.23.0.1",
    "Elapsed_Time": "40.77ms"
}
2025-01-11 16:12:32,068 - [Tornado] - [Access] - INFO - {
    "Status_Code": 200,
    "Method": "GET",
    "URL": "/static/assets/vendors/fontawesome6/css/all.css",
    "Remote_IP": "172.23.0.1",
    "Elapsed_Time": "11.01ms"
}
2025-01-11 16:12:32,071 - [Tornado] - [Access] - INFO - {
    "Status_Code": 200,
    "Method": "GET",
    "URL": "/static/assets/vendors/js/jquery.min.js",
    "Remote_IP": "172.23.0.1",
    "Elapsed_Time": "13.75ms"
}
2025-01-11 16:12:32,074 - [Tornado] - [Access] - INFO - {
    "Status_Code": 200,
    "Method": "GET",
    "URL": "/static/assets/css/crafty.css",
    "Remote_IP": "172.23.0.1",
    "Elapsed_Time": "16.45ms"
}
2025-01-11 16:12:32,076 - [Tornado] - [Access] - INFO - {
    "Status_Code": 200,
    "Method": "GET",
    "URL": "/static/assets/css/crafty-toggle-btn.css",
    "Remote_IP": "172.23.0.1",
    "Elapsed_Time": "18.48ms"
}
2025-01-11 16:12:32,078 - [Tornado] - [Access] - INFO - {
    "Status_Code": 200,
    "Method": "GET",
    "URL": "/static/assets/vendors/css/bootstrap-toggle.min.css",
    "Remote_IP": "172.23.0.1",
    "Elapsed_Time": "20.25ms"
}
2025-01-11 16:12:32,082 - [Tornado] - [Access] - INFO - {
    "Status_Code": 200,
    "Method": "GET",
    "URL": "/static/assets/vendors/js/chart.min.js",
    "Remote_IP": "172.23.0.1",
    "Elapsed_Time": "4.16ms"
}
2025-01-11 16:12:32,124 - [Tornado] - [Access] - INFO - {
    "Status_Code": 200,
    "Method": "GET",
    "URL": "/static/assets/vendors/js/hammer.min.js",
    "Remote_IP": "172.23.0.1",
    "Elapsed_Time": "1.68ms"
}
2025-01-11 16:12:32,127 - [Tornado] - [Access] - INFO - {
    "Status_Code": 200,
    "Method": "GET",
    "URL": "/static/assets/vendors/js/chartjs-plugin-zoom.min.js",
    "Remote_IP": "172.23.0.1",
    "Elapsed_Time": "2.07ms"
}
2025-01-11 16:12:32,131 - [Tornado] - [Access] - INFO - {
    "Status_Code": 200,
    "Method": "GET",
    "URL": "/static/assets/images/faces-clipart/pic-3.png",
    "Remote_IP": "172.23.0.1",
    "Elapsed_Time": "4.02ms"
}
2025-01-11 16:12:32,136 - [Tornado] - [Access] - INFO - {
    "Status_Code": 200,
    "Method": "GET",
    "URL": "/static/assets/vendors/js/datatables.min.js",
    "Remote_IP": "172.23.0.1",
    "Elapsed_Time": "3.92ms"
}
2025-01-11 16:12:32,161 - [Tornado] - [Access] - INFO - {
    "Status_Code": 200,
    "Method": "GET",
    "URL": "/static/assets/js/motd.js",
    "Remote_IP": "172.23.0.1",
    "Elapsed_Time": "2.26ms"
}
2025-01-11 16:12:32,250 - [Tornado] - [Access] - INFO - {
    "Status_Code": 200,
    "Method": "GET",
    "URL": "/static/assets/vendors/js/jquery-ui.js",
    "Remote_IP": "172.23.0.1",
    "Elapsed_Time": "10.15ms"
}
2025-01-11 16:12:32,255 - [Tornado] - [Access] - INFO - {
    "Status_Code": 200,
    "Method": "GET",
    "URL": "/static/assets/vendors/css/jquery-ui.css",
    "Remote_IP": "172.23.0.1",
    "Elapsed_Time": "14.57ms"
}
2025-01-11 16:12:32,260 - [Tornado] - [Access] - INFO - {
    "Status_Code": 200,
    "Method": "GET",
    "URL": "/static/assets/vendors/js/cdn.min.js",
    "Remote_IP": "172.23.0.1",
    "Elapsed_Time": "18.77ms"
}
2025-01-11 16:12:32,262 - [Tornado] - [Access] - INFO - {
    "Status_Code": 200,
    "Method": "GET",
    "URL": "/static/assets/vendors/css/jquery-ui.structure.css",
    "Remote_IP": "172.23.0.1",
    "Elapsed_Time": "21.23ms"
}
2025-01-11 16:12:32,266 - [Tornado] - [Access] - INFO - {
    "Status_Code": 200,
    "Method": "GET",
    "URL": "/static/assets/vendors/js/bootstrap-toggle.min.js",
    "Remote_IP": "172.23.0.1",
    "Elapsed_Time": "3.33ms"
}
2025-01-11 16:12:32,295 - [Tornado] - [Access] - INFO - {
    "Status_Code": 200,
    "Method": "GET",
    "URL": "/static/assets/vendors/mdi/fonts/materialdesignicons-webfont.woff2?v=3.7.95",
    "Remote_IP": "172.23.0.1",
    "Elapsed_Time": "10.08ms"
}
2025-01-11 16:12:32,316 - [Tornado] - [Access] - INFO - {
    "Status_Code": 200,
    "Method": "GET",
    "URL": "/static/assets/vendors/fontawesome6/webfonts/fa-brands-400.woff2",
    "Remote_IP": "172.23.0.1",
    "Elapsed_Time": "4.26ms"
}
2025-01-11 16:12:32,318 - [Tornado] - [Access] - INFO - {
    "Status_Code": 200,
    "Method": "GET",
    "URL": "/static/assets/vendors/fontawesome6/webfonts/fa-solid-900.woff2",
    "Remote_IP": "172.23.0.1",
    "Elapsed_Time": "10.76ms"
}
2025-01-11 16:12:32,875 - [Tornado] - [Access] - INFO - {
    "Status_Code": 200,
    "Method": "GET",
    "URL": "/api/v2/crafty/announcements/",
    "Remote_IP": "172.23.0.1",
    "Elapsed_Time": "556.62ms"
}
2025-01-11 16:12:35,356 - [Tornado] - [Access] - INFO - {
    "Status_Code": 200,
    "Method": "GET",
    "URL": "/panel/panel_config",
    "Remote_IP": "172.23.0.1",
    "Elapsed_Time": "28.71ms"
}
2025-01-11 16:12:35,930 - [Tornado] - [Access] - INFO - {
    "Status_Code": 304,
    "Method": "GET",
    "URL": "/api/v2/crafty/announcements/",
    "Remote_IP": "172.23.0.1",
    "Elapsed_Time": "443.93ms"
}
2025-01-11 16:12:37,291 - [Tornado] - [Access] - INFO - {
    "Status_Code": 200,
    "Method": "GET",
    "URL": "/panel/add_user",
    "Remote_IP": "172.23.0.1",
    "Elapsed_Time": "32.85ms"
}
2025-01-11 16:12:37,959 - [Tornado] - [Access] - INFO - {
    "Status_Code": 304,
    "Method": "GET",
    "URL": "/api/v2/crafty/announcements/",
    "Remote_IP": "172.23.0.1",
    "Elapsed_Time": "500.22ms"
}
2025-01-11 16:12:51,716 - [Tornado] - [Access] - INFO - {
    "Status_Code": 200,
    "Method": "GET",
    "URL": "/api/v2/users/@me",
    "Remote_IP": "172.23.0.1",
    "Elapsed_Time": "1.93ms"
}
2025-01-11 16:12:52,653 - [Tornado] - [Access] - INFO - {
    "Status_Code": 201,
    "Method": "POST",
    "URL": "/api/v2/users/",
    "Remote_IP": "172.23.0.1",
    "Elapsed_Time": "920.39ms"
}
2025-01-11 16:12:52,708 - [Tornado] - [Access] - INFO - {
    "Status_Code": 200,
    "Method": "GET",
    "URL": "/panel/panel_config",
    "Remote_IP": "172.23.0.1",
    "Elapsed_Time": "29.18ms"
}
2025-01-11 16:12:53,345 - [Tornado] - [Access] - INFO - {
    "Status_Code": 304,
    "Method": "GET",
    "URL": "/api/v2/crafty/announcements/",
    "Remote_IP": "172.23.0.1",
    "Elapsed_Time": "482.04ms"
}
2025-01-11 16:15:58,122 - [Tornado] - [Access] - INFO - {
    "Status_Code": 302,
    "Method": "GET",
    "URL": "/",
    "Remote_IP": "172.23.0.6",
    "Elapsed_Time": "0.52ms"
}
2025-01-11 16:15:58,140 - [Tornado] - [Access] - INFO - {
    "Status_Code": 302,
    "Method": "GET",
    "URL": "/panel/dashboard",
    "Remote_IP": "172.23.0.6",
    "Elapsed_Time": "0.53ms"
}
2025-01-11 16:15:58,164 - [Tornado] - [Access] - INFO - {
    "Status_Code": 200,
    "Method": "GET",
    "URL": "/login?next=%2Fpanel%2Fdashboard",
    "Remote_IP": "172.23.0.6",
    "Elapsed_Time": "2.57ms"
}
2025-01-11 16:15:58,279 - [Tornado] - [Access] - INFO - {
    "Status_Code": 404,
    "Method": "GET",
    "URL": "/static/assets/js/shared/settings.js",
    "Remote_IP": "172.23.0.6",
    "Elapsed_Time": "1.23ms"
}
2025-01-11 16:15:58,294 - [Tornado] - [Access] - INFO - {
    "Status_Code": 404,
    "Method": "GET",
    "URL": "/static/assets/js/shared/todolist.js",
    "Remote_IP": "172.23.0.6",
    "Elapsed_Time": "0.98ms"
}
